<?xml version="1.0" encoding="UTF-8"?>
<!-- Generated by org.testng.reporters.JUnitXMLReporter -->
<testsuite ignored="0" hostname="Surriyaa-Asus" failures="1" tests="4" name="MobileTesting" time="55.13" errors="0" timestamp="2025-01-08T13:25:17 IST">
  <testcase classname="com.mobiletesting.RealDeviceAutomation" name="addition" time="10.989"/>
  <testcase classname="com.mobiletesting.RealDeviceAutomation" name="subraction" time="9.76">
    <failure type="java.lang.AssertionError" message="The value expected is not getting expected [= -3] but found [= −3]">
      <![CDATA[java.lang.AssertionError: The value expected is not getting expected [= -3] but found [= −3]
at com.mobiletesting.RealDeviceAutomation.subraction(RealDeviceAutomation.java:70)
at java.base/java.util.ArrayList.forEach(ArrayList.java:1597)
at com.intellij.rt.testng.IDEARemoteTestNG.run(IDEARemoteTestNG.java:65)
at com.intellij.rt.testng.RemoteTestNGStarter.main(RemoteTestNGStarter.java:105)
... Removed 27 stack frames]]>
    </failure>
  </testcase> <!-- subraction -->
  <testcase classname="com.mobiletesting.RealDeviceAutomation" name="multiplication" time="12.038"/>
  <testcase classname="com.mobiletesting.RealDeviceAutomation" name="division" time="12.032"/>
</testsuite> <!-- MobileTesting -->
